<?xml version="1.0" encoding="UTF-8"?>
<!-- Generated by org.testng.reporters.JUnitReportReporter -->
<testsuite hostname="Bharath" failures="0" tests="1" name="tests.TwoTest" time="3.485" errors="0" timestamp="2025-01-12T12:49:38 IST" skipped="0">
  <testcase classname="tests.TwoTest" name="testtwo" time="3.485"/>
</testsuite> <!-- tests.TwoTest -->
