<?xml version="1.0" encoding="UTF-8"?>
<!-- Generated by org.testng.reporters.JUnitReportReporter -->
<testsuite hostname="Bharath" failures="0" tests="1" name="tests.LoginTest" time="7.494" errors="0" timestamp="2025-01-12T12:49:38 IST" skipped="0">
  <testcase classname="tests.LoginTest" name="login" time="7.494"/>
</testsuite> <!-- tests.LoginTest -->
