<?xml version="1.0" encoding="UTF-8"?>
<!-- Generated by org.testng.reporters.JUnitReportReporter -->
<testsuite hostname="Bharath" failures="0" tests="1" name="runner.Runner" time="7.621" errors="0" timestamp="2025-01-12T14:10:37 IST" skipped="0">
  <testcase classname="runner.Runner" name="runScenario" time="7.621"/>
</testsuite> <!-- runner.Runner -->
